 100110010000110100000110 
 100011100100101010111110 
 000111010010100011011000 
 000001011001001101110101 
 011001010110100001011111 
 000101000111001001010110 
 110011101101011110111100 
 011100110001101110100001 
 100010111010011101111001 
 000001101001000000001111 
 001111001110000000111111 
 101101111001011010011110 
 110011110001000111010111 
 000001011011011101000001 
 101010110000100010011000 
 001001111110010011010101  
 001101011100011010001100 
 101100010001111001110101 
 011010000110000011110100 
 000001111000111110010010 
 001111011010010101000000 
 000000100111010110000010 
 111111110100111111001001 
 100100011000000001110010


 100110010000110100000110 
 100011100100101010111110 
 000111010010100011011000 
 000001011001001101110101 
 011001010110100001011111 
 000101000111001001010110 
 110011101101011110111100 
 011100110001101110100001 
 100010111010011101111001 
 000001101001000000001111 
 001111001110000000111111 
 101101111001011010011110 
 110011110001000111010111 
 000001011011011101000001 
 101010110000100010011000 
 001001111110010011010101  
 001101011100011010001100 
 101100010001111001110101 
 011010000110000011110100 
 000001111000111110010010 
 001111011010010101000000 
 000000100111010110000010 
 111111110100111111001001 
 100100011000000001110010


 100110010000110100000110 
 100011100100101010111110 
 000111010010100011011000 
 000001011001001101110101 
 011001010110100001011111 
 000101000111001001010110 
 110011101101011110111100 
 011100110001101110100001 
 100010111010011101111001 
 000001101001000000001111 
 001111001110000000111111 
 101101111001011010011110 
 110011110001000111010111 
 000001011011011101000001 
 101010110000100010011000 
 001001111110010011010101  
 001101011100011010001100 
 101100010001111001110101 
 011010000110000011110100 
 000001111000111110010010 
 001111011010010101000000 
 000000100111010110000010 
 111111110100111111001001 
 100100011000000001110010


 100110010000110100000110 
 100011100100101010111110 
 000111010010100011011000 
 000001011001001101110101 
 011001010110100001011111 
 000101000111001001010110 
 110011101101011110111100 
 011100110001101110100001 
 100010111010011101111001 
 000001101001000000001111 
 001111001110000000111111 
 101101111001011010011110 
 110011110001000111010111 
 000001011011011101000001 
 101010110000100010011000 
 001001111110010011010101  
 001101011100011010001100 
 101100010001111001110101 
 011010000110000011110100 
 000001111000111110010010 
 001111011010010101000000 
 000000100111010110000010 
 111111110100111111001001 
 100100011000000001110010


 000110100000111100010010 
 000000011000101010100010 
 000100010110101000000000 
 001101010000110100000001 
 001001010000111101000001 
 100100010000001001000001 
 110000001100000000000100 
 001100000001000000000110 
 011110001110010001101001 
 000000000001001001000000 
 011000000011100000100000 
 100000000001101010000000 
 111100000101000001010001 
 100100001011011001010101 
 010110000000100000011010 
 001000000010111011110110  
 000001000001000010000100 
 000000110001101000000100 
 011011000110000000000100 
 010000000011110000011000 
 000110000010000001000000 
 000000000001000000000000 
 111111000101110000010111 
 100101011000011101110000


 000110100000111100010010 
 000000011000101010100010 
 000100010110101000000000 
 001101010000110100000001 
 001001010000111101000001 
 100100010000001001000001 
 110000001100000000000100 
 001100000001000000000110 
 011110001110010001101001 
 000000000001001001000000 
 011000000011100000100000 
 100000000001101010000000 
 111100000101000001010001 
 100100001011011001010101 
 010110000000100000011010 
 001000000010111011110110  
 000001000001000010000100 
 000000110001101000000100 
 011011000110000000000100 
 010000000011110000011000 
 000110000010000001000000 
 000000000001000000000000 
 111111000101110000010111 
 100101011000011101110000


 000110100000111100010010 
 000000011000101010100010 
 000100010110101000000000 
 001101010000110100000001 
 001001010000111101000001 
 100100010000001001000001 
 110000001100000000000100 
 001100000001000000000110 
 011110001110010001101001 
 000000000001001001000000 
 011000000011100000100000 
 100000000001101010000000 
 111100000101000001010001 
 100100001011011001010101 
 010110000000100000011010 
 001000000010111011110110  
 000001000001000010000100 
 000000110001101000000100 
 011011000110000000000100 
 010000000011110000011000 
 000110000010000001000000 
 000000000001000000000000 
 111111000101110000010111 
 100101011000011101110000


 000110100000111100010010 
 000000011000101010100010 
 000100010110101000000000 
 001101010000110100000001 
 001001010000111101000001 
 100100010000001001000001 
 110000001100000000000100 
 001100000001000000000110 
 011110001110010001101001 
 000000000001001001000000 
 011000000011100000100000 
 100000000001101010000000 
 111100000101000001010001 
 100100001011011001010101 
 010110000000100000011010 
 001000000010111011110110  
 000001000001000010000100 
 000000110001101000000100 
 011011000110000000000100 
 010000000011110000011000 
 000110000010000001000000 
 000000000001000000000000 
 111111000101110000010111 
 100101011000011101110000


 000110100000111100010010 
 000000011000101010100010 
 000100010110101000000000 
 001101010000110100000001 
 001001010000111101000001 
 100100010000001001000001 
 110000001100000000000100 
 001100000001000000000110 
 011110001110010001101001 
 000000000001001001000000 
 011000000011100000100000 
 100000000001101010000000 
 111100000101000001010001 
 100100001011011001010101 
 010110000000100000011010 
 001000000010111011110110  
 000001000001000010000100 
 000000110001101000000100 
 011011000110000000000100 
 010000000011110000011000 
 000110000010000001000000 
 000000000001000000000000 
 111111000101110000010111 
 100101011000011101110000


 000110100000111100010010 
 000000011000101010100010 
 000100010110101000000000 
 001101010000110100000001 
 001001010000111101000001 
 100100010000001001000001 
 110000001100000000000100 
 001100000001000000000110 
 011110001110010001101001 
 000000000001001001000000 
 011000000011100000100000 
 100000000001101010000000 
 111100000101000001010001 
 100100001011011001010101 
 010110000000100000011010 
 001000000010111011110110  
 000001000001000010000100 
 000000110001101000000100 
 011011000110000000000100 
 010000000011110000011000 
 000110000010000001000000 
 000000000001000000000000 
 111111000101110000010111 
 100101011000011101110000


 000000010000101100000000 
 000110111100100000000000 
 001110010100101000000000 
 001100010000000110000000 
 011000011000100100000011 
 101000110000001110000010 
 110100001000000000000100 
 100010000000000000001110 
 010010000111100001100110 
 000000000000010001010000 
 010000000010000101000000 
 100100000000010001100000 
 101100000100001111001010 
 100000000111010000010101 
 010110000110000110000001 
 001110000000110111110010  
 000000100010001010100100 
 000010100001100000001110 
 011001100100000000000100 
 010001000000100000001000 
 000000000010000000000000 
 010001000001000000000010 
 111101101011010000011010 
 100101101000011000111010


 000000110000010000000000 
 001011100101101100000000 
 000001000100010100000000 
 000010110000011110000000 
 000000001000000000000011 
 100100100000001110000111 
 101100010000000100001000 
 101110000111000000001000 
 000000000011100001110010 
 000000000100100001000000 
 000000000000001001000000 
 100100000000000000100000 
 101100000100111111011110 
 100010001001000001001101 
 010010000100010100011001 
 001011000111010000110010  
 000010000000001010100000 
 000000110011000000001010 
 011010100001100000000010 
 011001100000000000000000 
 000000000001000000000000 
 110011100101100000000100 
 100100000111011000101011 
 100101100100111000101000


 000000110000111000000000 
 000010011010100100000000 
 000100011010000000000000 
 000001111000010110000000 
 000001100000010000000101 
 011100010000001110000101 
 100000000010001110001010 
 001010000100100000101100 
 000100000000100001110000 
 000000000010110011000000 
 000000000000000001100000 
 011100000000000000111100 
 101110000000111111010010 
 101010001110000001000001 
 010010001101001000000001 
 000011000110110101101000  
 000110100100100001100100 
 000100110011100000000100 
 011100000011100000000100 
 011101100001100000000000 
 101010000011100000000000 
 110011000100010000000110 
 101100001100001000001010 
 000010000101101000000100


 000000111001111000000000 
 000000000000101000000000 
 000011000001001110000000 
 000011001100001000000000 
 001011001000010000000000 
 011000100000010010001101 
 000000000000011011011010 
 000100000001010110101100 
 000100000000100010011000 
 000000000001110010010000 
 001000000000000010001000 
 010010000000011100001100 
 100010000100011111010110 
 101011001011100001100011 
 010010000001111011100000 
 000000000000111011110000  
 000100111100000011111100 
 000001110100010000001110 
 010001010000010000000000 
 100001000000010000000000 
 100000100010010000000000 
 100011001101110000000110 
 101101001100101000001010 
 000100001110010000000100


 000000010001101000000000 
 000001110000000000000000 
 000011000000001000000000 
 000000101100011000000000 
 011010111100011000000000 
 011101000000110111011110 
 001000000000010000100010 
 000000000000010000100000 
 000000000000001010100100 
 000000000001110111010000 
 000000000000000010011100 
 010100000000010001010010 
 100010000111000001010001 
 100011000110000000010111 
 010111000010001000000000 
 000000011001001000000000  
 000001000100101110000010 
 000011000100000001100010 
 000011011000111000000100 
 110001000000111000000000 
 110010100111011000000000 
 100111111001001000000110 
 011101010000001000001010 
 001110001010010000000100


 000000010000000000000000 
 000011010000010000000000 
 000010001000011000000000 
 000110100100000100000000 
 010010100100000010001100 
 000011111000100111111110 
 011100000000010010101010 
 000000000000011000110000 
 000000000000001010110000 
 000000000000111000010100 
 000000000000011100010100 
 000000000010000011010110 
 110111000101000000010101 
 110000000000000000101011 
 000101101011000000000010 
 000001101111001000000000  
 000011100110011111000000 
 000000000100100011000110 
 000000001000101000000000 
 110000011110000100000000 
 001100001111000100000000 
 100000001101101100000110 
 010000000100011000001010 
 010010000000000000000100


 000000100000000000000000 
 000011111000011000000000 
 000000111000011000000000 
 000110011100001100000000 
 000000000100000000100010 
 010010111000000100100010 
 001111110000110010000010 
 001000000000011000001000 
 000000000000100001000000 
 000000000000100000010000 
 000000000000100110010100 
 000010000010001110010100 
 111010000010000001010001 
 110100100101000000011001 
 000011101001000000000111 
 000000001000111010000000  
 000010110000111001000000 
 000001001111100001000000 
 000000010011010110000000 
 011000010000001100000000 
 101000000000100110000000 
 011000000001100100000110 
 110000001110111100001010 
 000000000000000000000100


 000000100000000000000000 
 000000001000011000000000 
 000100000000000000000000 
 000000100100011100000000 
 000111100100001100000000 
 001010001000000001000111 
 011010001000110100000100 
 001011100000001000000000 
 000000000000100000000000 
 000000000001110010101000 
 000000000001011010110000 
 010100000001001001010010 
 101011000111000110010010 
 100100110101000000111101 
 000011101111010000001111 
 000010001001001100000010  
 000001110010001111000000 
 000001001100000101000000 
 000000110000010110000000 
 011000000001110000000000 
 100100000001110010000000 
 001000000110000000000110 
 111000000110111100001010 
 000000000100011000000100


 000000000000000000000000 
 000000000000000000000000 
 000000000000000100000000 
 000100100000010100000000 
 000110111100010110000010 
 011000011100010110000110 
 011010010000011000000100 
 011011000000101000000000 
 000001000001100000000000 
 000000000001001100100000 
 000000000011001010001000 
 011110000001011001011000 
 101011101101100111000011 
 010100010000000000100001 
 000110100001001000000001 
 000010001001110000000011  
 000011110010000001000000 
 000001001100000001000000 
 000000111000010110000000 
 011000000001000110000000 
 000100000000010000000000 
 101100000100000100000110 
 011000001001100100001010 
 010000000110100100000100


 000000000000000000000000 
 000000000000000000000000 
 000000000000001000000000 
 000111101000000100000000 
 000111100100110000000110 
 010011000100110010000110 
 100011110000100000000110 
 011011100001101000000000 
 000011000001101100000000 
 000000000000011100000000 
 001100000011000011101000 
 011010000100011001111100 
 100001111011111111010011 
 010000011011100111000001 
 001111010001010000000001 
 000000000011110000000011  
 000010110011100000000000 
 000010000100000001000000 
 000000111100001101000000 
 001000010000100110000000 
 000100000000001110000000 
 000100000000101000000110 
 100100001001101110001010 
 011000000110100000000100


 000000000000000000000000 
 000000000000000000000000 
 000000000000001000000000 
 000111101000000100000000 
 000111100100110000000110 
 010011000100110010000110 
 100011110000100000000110 
 011011100001101000000000 
 000011000001101100000000 
 000000000000011100000000 
 001100000011000011101000 
 011010000100011001111100 
 100001111011111111010011 
 010000011011100111000001 
 001111010001010000000001 
 000000000011110000000011  
 000010110011100000000000 
 000010000100000001000000 
 000000111100001101000000 
 001000010000100110000000 
 000100000000001110000000 
 000100000000101000000110 
 100100001001101110001010 
 011000000110100000000100


 000000000000000000000000 
 000000000000000000000000 
 000000000000001000000000 
 000111101000000100000000 
 000111100100110000000110 
 010011000100110010000110 
 100011110000100000000110 
 011011100001101000000000 
 000011000001101100000000 
 000000000000011100000000 
 001100000011000011101000 
 011010000100011001111100 
 100001111011111111010011 
 010000011011100111000001 
 001111010001010000000001 
 000000000011110000000011  
 000010110011100000000000 
 000010000100000001000000 
 000000111100001101000000 
 001000010000100110000000 
 000100000000001110000000 
 000100000000101000000110 
 100100001001101110001010 
 011000000110100000000100


 000000000000000000000000 
 000000000000000000000000 
 000000000000001000000000 
 000111101000000100000000 
 000111100100110000000110 
 010011000100110010000110 
 100011110000100000000110 
 011011100001101000000000 
 000011000001101100000000 
 000000000000011100000000 
 001100000011000011101000 
 011010000100011001111100 
 100001111011111111010011 
 010000011011100111000001 
 001111010001010000000001 
 000000000011110000000011  
 000010110011100000000000 
 000010000100000001000000 
 000000111100001101000000 
 001000010000100110000000 
 000100000000001110000000 
 000100000000101000000110 
 100100001001101110001010 
 011000000110100000000100


 000000000000000000000000 
 000000000000000000000000 
 000000000000001000000000 
 000111101000000100000000 
 000111100100110000000110 
 010011000100110010000110 
 100011110000100000000110 
 011011100001101000000000 
 000011000001101100000000 
 000000000000011100000000 
 001100000011000011101000 
 011010000100011001111100 
 100001111011111111010011 
 010000011011100111000001 
 001111010001010000000001 
 000000000011110000000011  
 000010110011100000000000 
 000010000100000001000000 
 000000111100001101000000 
 001000010000100110000000 
 000100000000001110000000 
 000100000000101000000110 
 100100001001101110001010 
 011000000110100000000100


 000000000000000000000000 
 000000000000000000000000 
 000011000000000000000000 
 000100110000011000000000 
 001000011100111000000110 
 000000011001000000001001 
 101000010000000000000110 
 010000010000001100000000 
 000110100001000000000000 
 000110000010010001000000 
 011100000010100010001100 
 011011111100000000000110 
 101001100000000000010111 
 011100000000000001100001 
 001110111100011010000001 
 000000010000010000000011  
 000001000100010000000000 
 000000000101000010000000 
 000000110100001101000000 
 000000110000010001000000 
 001100000000001010000000 
 001110000001100000000110 
 010100000110101100001010 
 011000000110110100000100


 000000000000000000000000 
 000000000000000000000000 
 000011100000000000000000 
 000111110000101000000000 
 000000000100101000000110 
 010000100100110000001001 
 010000110000000000000110 
 011100110000000000000000 
 001111000000001000000000 
 000001000010100000000000 
 010000111011000000001110 
 100010011100000000000001 
 100000001000000000101101 
 000000001000000001100001 
 010010111000011001000001 
 000111010100110000000011  
 000000001010100000000000 
 000000100100001110000000 
 000000110010001101000000 
 000000111000010001000000 
 001010000000110000000000 
 010010000011101000000110 
 010010000100001100001010 
 011000000110110100000100


 000000000000000000000000 
 000001000000000000000000 
 000100010000000000000000 
 000100010000000000000000 
 000010011001101000000110 
 000000111000110000001001 
 110001001000000000000110 
 010000010000000000000000 
 010001000000000000000000 
 001101010110000000000100 
 000001100011000000000110 
 110000100010000000010001 
 000000000000000001110001 
 000000001100000001110001 
 000110100100111001100001 
 000111000101101000000011  
 000011111011101100000000 
 000000101111011010000000 
 000001000100010001000000 
 000001101000110010000000 
 000101010000001000000000 
 011011000011101100000110 
 110100000100000100001010 
 011000000110010100000100


 000000000000000000000000 
 000000000000000000000000 
 000010100000000000000000 
 000110110000000000000000 
 000000000001100000000110 
 000001100101110000001001 
 110000001000000000000110 
 011000100000000000000000 
 010010001000000000000000 
 001001000111000000000110 
 011011010001000000001110 
 000001100011000000011001 
 000000000100000001001011 
 000000001100010010000011 
 000100000101101001010001 
 000000000100000000000011  
 000100000000000000000000 
 000010000000000010000000 
 000001000001000111000000 
 000001011000111000000000 
 001100010000001000000000 
 110001100011011100000110 
 100110000100110110001010 
 111000000110001000000100


 000000000000000000000000 
 000000000000000000000000 
 000110110000000000000000 
 000110110000000000000000 
 000010010011010000000110 
 000000000011010000001001 
 111001110000100000000110 
 001000010000000000000000 
 010101000110000000000000 
 001001101111000000001010 
 011110000100100000010001 
 000011100011000000010001 
 000000001100000000011000 
 000000001100110011100100 
 000000000100110000000000 
 000000000010000000000011  
 000000000000000000000000 
 000010000000000111000000 
 000011100000111111000000 
 000010011000111010000000 
 011011011001000000000000 
 110001100011000010000110 
 000111000100100010001010 
 111100000110011100000100


 000000000000000000000000 
 000000000000000000000000 
 000110110000000000000000 
 000000001000000000000000 
 000111110011000000000110 
 010001010010010000001001 
 011000110001100000000110 
 100111011000000000000000 
 010111010001000000000000 
 000001101001000000000000 
 011000011000100000011011 
 001011001011000000110000 
 000001011001100001011000 
 000000000010110001111000 
 000000001111110001000010 
 000000000000000000000000  
 000000000000000010000000 
 000010000000010001000000 
 000110110000100000000000 
 000000001001000011000000 
 111110001111010100000000 
 110000011111100000000110 
 000101100100111010001010 
 011100000110011100000100


 000000000000000000000000 
 000000000000000000000000 
 000000010000000000000000 
 000000001000000000000000 
 000011011111000000000110 
 010100001010000000001001 
 111100000001100000000110 
 100000001001100000000000 
 001100000000000000000000 
 010101001001100000000000 
 011110001010100000111000 
 011111000010000000000100 
 000011111000010001000000 
 000000010000000011001100 
 000000000110010001010000 
 000000000111100000000000  
 000000000000000000000000 
 000111000000000000000000 
 000111010000100011000000 
 010001001001000010000000 
 101100000000000010000000 
 100001110000000100000110 
 100110110000000000001010 
 001110000110100100000100


 000000000000000000000000 
 000000000000000000000000 
 000000000000000000000000 
 000000100010000000000000 
 000010010011000000000110 
 110100011000100000001001 
 100100000110100000000110 
 100000000001100000000000 
 011110000000000000000000 
 010000000101100000010000 
 100000000010100000011000 
 010000001001000000111000 
 001000011000000011001100 
 000001010100000011001000 
 000000001100100011101000 
 000000000101100000000000  
 000010000011000000000000 
 000101100000000000000000 
 001100000000000011000000 
 010001100000000110000000 
 101011010000000110000000 
 101001010000000000000110 
 011000011000000000001010 
 001011000000000000000100


 100110010000110100000110 
 100011100100101010111110 
 000111010010100011011000 
 000001011001001101110101 
 011001010110100001011111 
 000101000111001001010110 
 110011101101011110111100 
 011100110001101110100001 
 100010111010011101111001 
 000001101001000000001111 
 001111001110000000111111 
 101101111001011010011110 
 110011110001000111010111 
 000001011011011101000001 
 101010110000100010011000 
 001001111110010011010101  
 001101011100011010001100 
 101100010001111001110101 
 011010000110000011110100 
 000001111000111110010010 
 001111011010010101000000 
 000000100111010110000010 
 111111110100111111001001 
 100100011000000001110010


 100110010000110100000110 
 100011100100101010111110 
 000111010010100011011000 
 000001011001001101110101 
 011001010110100001011111 
 000101000111001001010110 
 110011101101011110111100 
 011100110001101110100001 
 100010111010011101111001 
 000001101001000000001111 
 001111001110000000111111 
 101101111001011010011110 
 110011110001000111010111 
 000001011011011101000001 
 101010110000100010011000 
 001001111110010011010101  
 001101011100011010001100 
 101100010001111001110101 
 011010000110000011110100 
 000001111000111110010010 
 001111011010010101000000 
 000000100111010110000010 
 111111110100111111001001 
 100100011000000001110010


 100110010000110100000110 
 100011100100101010111110 
 000111010010100011011000 
 000001011001001101110101 
 011001010110100001011111 
 000101000111001001010110 
 110011101101011110111100 
 011100110001101110100001 
 100010111010011101111001 
 000001101001000000001111 
 001111001110000000111111 
 101101111001011010011110 
 110011110001000111010111 
 000001011011011101000001 
 101010110000100010011000 
 001001111110010011010101  
 001101011100011010001100 
 101100010001111001110101 
 011010000110000011110100 
 000001111000111110010010 
 001111011010010101000000 
 000000100111010110000010 
 111111110100111111001001 
 100100011000000001110010


 100110010000110100000110 
 100011100100101010111110 
 000111010010100011011000 
 000001011001001101110101 
 011001010110100001011111 
 000101000111001001010110 
 110011101101011110111100 
 011100110001101110100001 
 100010111010011101111001 
 000001101001000000001111 
 001111001110000000111111 
 101101111001011010011110 
 110011110001000111010111 
 000001011011011101000001 
 101010110000100010011000 
 001001111110010011010101  
 001101011100011010001100 
 101100010001111001110101 
 011010000110000011110100 
 000001111000111110010010 
 001111011010010101000000 
 000000100111010110000010 
 111111110100111111001001 
 100100011000000001110010


 100110010000110100000110 
 100011100100101010111110 
 000111010010100011011000 
 000001011001001101110101 
 011001010110100001011111 
 000101000111001001010110 
 110011101101011110111100 
 011100110001101110100001 
 100010111010011101111001 
 000001101001000000001111 
 001111001110000000111111 
 101101111001011010011110 
 110011110001000111010111 
 000001011011011101000001 
 101010110000100010011000 
 001001111110010011010101  
 001101011100011010001100 
 101100010001111001110101 
 011010000110000011110100 
 000001111000111110010010 
 001111011010010101000000 
 000000100111010110000010 
 111111110100111111001001 
 100100011000000001110010


 100110010000110100000110 
 100011100100101010111110 
 000111010010100011011000 
 000001011001001101110101 
 011001010110100001011111 
 000101000111001001010110 
 110011101101011110111100 
 011100110001101110100001 
 100010111010011101111001 
 000001101001000000001111 
 001111001110000000111111 
 101101111001011010011110 
 110011110001000111010111 
 000001011011011101000001 
 101010110000100010011000 
 001001111110010011010101  
 001101011100011010001100 
 101100010001111001110101 
 011010000110000011110100 
 000001111000111110010010 
 001111011010010101000000 
 000000100111010110000010 
 111111110100111111001001 
 100100011000000001110010


 100110010000110100000110 
 100011100100101010111110 
 000111010010100011011000 
 000001011001001101110101 
 011001010110100001011111 
 000101000111001001010110 
 110011101101011110111100 
 011100110001101110100001 
 100010111010011101111001 
 000001101001000000001111 
 001111001110000000111111 
 101101111001011010011110 
 110011110001000111010111 
 000001011011011101000001 
 101010110000100010011000 
 001001111110010011010101  
 001101011100011010001100 
 101100010001111001110101 
 011010000110000011110100 
 000001111000111110010010 
 001111011010010101000000 
 000000100111010110000010 
 111111110100111111001001 
 100100011000000001110010


 100110010000110100000110 
 100011100100101010111110 
 000111010010100011011000 
 000001011001001101110101 
 011001010110100001011111 
 000101000111001001010110 
 110011101101011110111100 
 011100110001101110100001 
 100010111010011101111001 
 000001101001000000001111 
 001111001110000000111111 
 101101111001011010011110 
 110011110001000111010111 
 000001011011011101000001 
 101010110000100010011000 
 001001111110010011010101  
 001101011100011010001100 
 101100010001111001110101 
 011010000110000011110100 
 000001111000111110010010 
 001111011010010101000000 
 000000100111010110000010 
 111111110100111111001001 
 100100011000000001110010


 100110010000110100000110 
 100011100100101010111110 
 000111010010100011011000 
 000001011001001101110101 
 011001010110100001011111 
 000101000111001001010110 
 110011101101011110111100 
 011100110001101110100001 
 100010111010011101111001 
 000001101001000000001111 
 001111001110000000111111 
 101101111001011010011110 
 110011110001000111010111 
 000001011011011101000001 
 101010110000100010011000 
 001001111110010011010101  
 001101011100011010001100 
 101100010001111001110101 
 011010000110000011110100 
 000001111000111110010010 
 001111011010010101000000 
 000000100111010110000010 
 111111110100111111001001 
 100100011000000001110010


 100110010000110100000110 
 100011100100101010111110 
 000111010010100011011000 
 000001011001001101110101 
 011001010110100001011111 
 000101000111001001010110 
 110011101101011110111100 
 011100110001101110100001 
 100010111010011101111001 
 000001101001000000001111 
 001111001110000000111111 
 101101111001011010011110 
 110011110001000111010111 
 000001011011011101000001 
 101010110000100010011000 
 001001111110010011010101  
 001101011100011010001100 
 101100010001111001110101 
 011010000110000011110100 
 000001111000111110010010 
 001111011010010101000000 
 000000100111010110000010 
 111111110100111111001001 
 100100011000000001110010


 100110010000110100000110 
 100011100100101010111110 
 000111010010100011011000 
 000001011001001101110101 
 011001010110100001011111 
 000101000111001001010110 
 110011101101011110111100 
 011100110001101110100001 
 100010111010011101111001 
 000001101001000000001111 
 001111001110000000111111 
 101101111001011010011110 
 110011110001000111010111 
 000001011011011101000001 
 101010110000100010011000 
 001001111110010011010101  
 001101011100011010001100 
 101100010001111001110101 
 011010000110000011110100 
 000001111000111110010010 
 001111011010010101000000 
 000000100111010110000010 
 111111110100111111001001 
 100100011000000001110010


 100110010000110100000110 
 100011100100101010111110 
 000111010010100011011000 
 000001011001001101110101 
 011001010110100001011111 
 000101000111001001010110 
 110011101101011110111100 
 011100110001101110100001 
 100010111010011101111001 
 000001101001000000001111 
 001111001110000000111111 
 101101111001011010011110 
 110011110001000111010111 
 000001011011011101000001 
 101010110000100010011000 
 001001111110010011010101  
 001101011100011010001100 
 101100010001111001110101 
 011010000110000011110100 
 000001111000111110010010 
 001111011010010101000000 
 000000100111010110000010 
 111111110100111111001001 
 100100011000000001110010


 100110010000110100000110 
 100011100100101010111110 
 000111010010100011011000 
 000001011001001101110101 
 011001010110100001011111 
 000101000111001001010110 
 110011101101011110111100 
 011100110001101110100001 
 100010111010011101111001 
 000001101001000000001111 
 001111001110000000111111 
 101101111001011010011110 
 110011110001000111010111 
 000001011011011101000001 
 101010110000100010011000 
 001001111110010011010101  
 001101011100011010001100 
 101100010001111001110101 
 011010000110000011110100 
 000001111000111110010010 
 001111011010010101000000 
 000000100111010110000010 
 111111110100111111001001 
 100100011000000001110010


 100110010000110100000110 
 100011100100101010111110 
 000111010010100011011000 
 000001011001001101110101 
 011001010110100001011111 
 000101000111001001010110 
 110011101101011110111100 
 011100110001101110100001 
 100010111010011101111001 
 000001101001000000001111 
 001111001110000000111111 
 101101111001011010011110 
 110011110001000111010111 
 000001011011011101000001 
 101010110000100010011000 
 001001111110010011010101  
 001101011100011010001100 
 101100010001111001110101 
 011010000110000011110100 
 000001111000111110010010 
 001111011010010101000000 
 000000100111010110000010 
 111111110100111111001001 
 100100011000000001110010


 100110010000110100000110 
 100011100100101010111110 
 000111010010100011011000 
 000001011001001101110101 
 011001010110100001011111 
 000101000111001001010110 
 110011101101011110111100 
 011100110001101110100001 
 100010111010011101111001 
 000001101001000000001111 
 001111001110000000111111 
 101101111001011010011110 
 110011110001000111010111 
 000001011011011101000001 
 101010110000100010011000 
 001001111110010011010101  
 001101011100011010001100 
 101100010001111001110101 
 011010000110000011110100 
 000001111000111110010010 
 001111011010010101000000 
 000000100111010110000010 
 111111110100111111001001 
 100100011000000001110010


 100110010000110100000110 
 100011100100101010111110 
 000111010010100011011000 
 000001011001001101110101 
 011001010110100001011111 
 000101000111001001010110 
 110011101101011110111100 
 011100110001101110100001 
 100010111010011101111001 
 000001101001000000001111 
 001111001110000000111111 
 101101111001011010011110 
 110011110001000111010111 
 000001011011011101000001 
 101010110000100010011000 
 001001111110010011010101  
 001101011100011010001100 
 101100010001111001110101 
 011010000110000011110100 
 000001111000111110010010 
 001111011010010101000000 
 000000100111010110000010 
 111111110100111111001001 
 100100011000000001110010


 100110010000110100000110 
 100011100100101010111110 
 000111010010100011011000 
 000001011001001101110101 
 011001010110100001011111 
 000101000111001001010110 
 110011101101011110111100 
 011100110001101110100001 
 100010111010011101111001 
 000001101001000000001111 
 001111001110000000111111 
 101101111001011010011110 
 110011110001000111010111 
 000001011011011101000001 
 101010110000100010011000 
 001001111110010011010101  
 001101011100011010001100 
 101100010001111001110101 
 011010000110000011110100 
 000001111000111110010010 
 001111011010010101000000 
 000000100111010110000010 
 111111110100111111001001 
 100100011000000001110010


 100110010000110100000110 
 100011100100101010111110 
 000111010010100011011000 
 000001011001001101110101 
 011001010110100001011111 
 000101000111001001010110 
 110011101101011110111100 
 011100110001101110100001 
 100010111010011101111001 
 000001101001000000001111 
 001111001110000000111111 
 101101111001011010011110 
 110011110001000111010111 
 000001011011011101000001 
 101010110000100010011000 
 001001111110010011010101  
 001101011100011010001100 
 101100010001111001110101 
 011010000110000011110100 
 000001111000111110010010 
 001111011010010101000000 
 000000100111010110000010 
 111111110100111111001001 
 100100011000000001110010


 100110010000110100000110 
 100011100100101010111110 
 000111010010100011011000 
 000001011001001101110101 
 011001010110100001011111 
 000101000111001001010110 
 110011101101011110111100 
 011100110001101110100001 
 100010111010011101111001 
 000001101001000000001111 
 001111001110000000111111 
 101101111001011010011110 
 110011110001000111010111 
 000001011011011101000001 
 101010110000100010011000 
 001001111110010011010101  
 001101011100011010001100 
 101100010001111001110101 
 011010000110000011110100 
 000001111000111110010010 
 001111011010010101000000 
 000000100111010110000010 
 111111110100111111001001 
 100100011000000001110010


 100110010000110100000110 
 100011100100101010111110 
 000111010010100011011000 
 000001011001001101110101 
 011001010110100001011111 
 000101000111001001010110 
 110011101101011110111100 
 011100110001101110100001 
 100010111010011101111001 
 000001101001000000001111 
 001111001110000000111111 
 101101111001011010011110 
 110011110001000111010111 
 000001011011011101000001 
 101010110000100010011000 
 001001111110010011010101  
 001101011100011010001100 
 101100010001111001110101 
 011010000110000011110100 
 000001111000111110010010 
 001111011010010101000000 
 000000100111010110000010 
 111111110100111111001001 
 100100011000000001110010


 100110010000110100000110 
 100011100100101010111110 
 000111010010100011011000 
 000001011001001101110101 
 011001010110100001011111 
 000101000111001001010110 
 110011101101011110111100 
 011100110001101110100001 
 100010111010011101111001 
 000001101001000000001111 
 001111001110000000111111 
 101101111001011010011110 
 110011110001000111010111 
 000001011011011101000001 
 101010110000100010011000 
 001001111110010011010101  
 001101011100011010001100 
 101100010001111001110101 
 011010000110000011110100 
 000001111000111110010010 
 001111011010010101000000 
 000000100111010110000010 
 111111110100111111001001 
 100100011000000001110010


 100110010000110100000110 
 100011100100101010111110 
 000111010010100011011000 
 000001011001001101110101 
 011001010110100001011111 
 000101000111001001010110 
 110011101101011110111100 
 011100110001101110100001 
 100010111010011101111001 
 000001101001000000001111 
 001111001110000000111111 
 101101111001011010011110 
 110011110001000111010111 
 000001011011011101000001 
 101010110000100010011000 
 001001111110010011010101  
 001101011100011010001100 
 101100010001111001110101 
 011010000110000011110100 
 000001111000111110010010 
 001111011010010101000000 
 000000100111010110000010 
 111111110100111111001001 
 100100011000000001110010


 100110010000110100000110 
 100011100100101010111110 
 000111010010100011011000 
 000001011001001101110101 
 011001010110100001011111 
 000101000111001001010110 
 110011101101011110111100 
 011100110001101110100001 
 100010111010011101111001 
 000001101001000000001111 
 001111001110000000111111 
 101101111001011010011110 
 110011110001000111010111 
 000001011011011101000001 
 101010110000100010011000 
 001001111110010011010101  
 001101011100011010001100 
 101100010001111001110101 
 011010000110000011110100 
 000001111000111110010010 
 001111011010010101000000 
 000000100111010110000010 
 111111110100111111001001 
 100100011000000001110010


 100110010000110100000110 
 100011100100101010111110 
 000111010010100011011000 
 000001011001001101110101 
 011001010110100001011111 
 000101000111001001010110 
 110011101101011110111100 
 011100110001101110100001 
 100010111010011101111001 
 000001101001000000001111 
 001111001110000000111111 
 101101111001011010011110 
 110011110001000111010111 
 000001011011011101000001 
 101010110000100010011000 
 001001111110010011010101  
 001101011100011010001100 
 101100010001111001110101 
 011010000110000011110100 
 000001111000111110010010 
 001111011010010101000000 
 000000100111010110000010 
 111111110100111111001001 
 100100011000000001110010


 100110010000110100000110 
 100011100100101010111110 
 000111010010100011011000 
 000001011001001101110101 
 011001010110100001011111 
 000101000111001001010110 
 110011101101011110111100 
 011100110001101110100001 
 100010111010011101111001 
 000001101001000000001111 
 001111001110000000111111 
 101101111001011010011110 
 110011110001000111010111 
 000001011011011101000001 
 101010110000100010011000 
 001001111110010011010101  
 001101011100011010001100 
 101100010001111001110101 
 011010000110000011110100 
 000001111000111110010010 
 001111011010010101000000 
 000000100111010110000010 
 111111110100111111001001 
 100100011000000001110010


 100110010000110100000110 
 100011100100101010111110 
 000111010010100011011000 
 000001011001001101110101 
 011001010110100001011111 
 000101000111001001010110 
 110011101101011110111100 
 011100110001101110100001 
 100010111010011101111001 
 000001101001000000001111 
 001111001110000000111111 
 101101111001011010011110 
 110011110001000111010111 
 000001011011011101000001 
 101010110000100010011000 
 001001111110010011010101  
 001101011100011010001100 
 101100010001111001110101 
 011010000110000011110100 
 000001111000111110010010 
 001111011010010101000000 
 000000100111010110000010 
 111111110100111111001001 
 100100011000000001110010


 100110010000110100000110 
 100011100100101010111110 
 000111010010100011011000 
 000001011001001101110101 
 011001010110100001011111 
 000101000111001001010110 
 110011101101011110111100 
 011100110001101110100001 
 100010111010011101111001 
 000001101001000000001111 
 001111001110000000111111 
 101101111001011010011110 
 110011110001000111010111 
 000001011011011101000001 
 101010110000100010011000 
 001001111110010011010101  
 001101011100011010001100 
 101100010001111001110101 
 011010000110000011110100 
 000001111000111110010010 
 001111011010010101000000 
 000000100111010110000010 
 111111110100111111001001 
 100100011000000001110010


 100110010000110100000110 
 100011100100101010111110 
 000111010010100011011000 
 000001011001001101110101 
 011001010110100001011111 
 000101000111001001010110 
 110011101101011110111100 
 011100110001101110100001 
 100010111010011101111001 
 000001101001000000001111 
 001111001110000000111111 
 101101111001011010011110 
 110011110001000111010111 
 000001011011011101000001 
 101010110000100010011000 
 001001111110010011010101  
 001101011100011010001100 
 101100010001111001110101 
 011010000110000011110100 
 000001111000111110010010 
 001111011010010101000000 
 000000100111010110000010 
 111111110100111111001001 
 100100011000000001110010


 100110010000110100000110 
 100011100100101010111110 
 000111010010100011011000 
 000001011001001101110101 
 011001010110100001011111 
 000101000111001001010110 
 110011101101011110111100 
 011100110001101110100001 
 100010111010011101111001 
 000001101001000000001111 
 001111001110000000111111 
 101101111001011010011110 
 110011110001000111010111 
 000001011011011101000001 
 101010110000100010011000 
 001001111110010011010101  
 001101011100011010001100 
 101100010001111001110101 
 011010000110000011110100 
 000001111000111110010010 
 001111011010010101000000 
 000000100111010110000010 
 111111110100111111001001 
 100100011000000001110010


 100110010000110100000110 
 100011100100101010111110 
 000111010010100011011000 
 000001011001001101110101 
 011001010110100001011111 
 000101000111001001010110 
 110011101101011110111100 
 011100110001101110100001 
 100010111010011101111001 
 000001101001000000001111 
 001111001110000000111111 
 101101111001011010011110 
 110011110001000111010111 
 000001011011011101000001 
 101010110000100010011000 
 001001111110010011010101  
 001101011100011010001100 
 101100010001111001110101 
 011010000110000011110100 
 000001111000111110010010 
 001111011010010101000000 
 000000100111010110000010 
 111111110100111111001001 
 100100011000000001110010


 100110010000110100000110 
 100011100100101010111110 
 000111010010100011011000 
 000001011001001101110101 
 011001010110100001011111 
 000101000111001001010110 
 110011101101011110111100 
 011100110001101110100001 
 100010111010011101111001 
 000001101001000000001111 
 001111001110000000111111 
 101101111001011010011110 
 110011110001000111010111 
 000001011011011101000001 
 101010110000100010011000 
 001001111110010011010101  
 001101011100011010001100 
 101100010001111001110101 
 011010000110000011110100 
 000001111000111110010010 
 001111011010010101000000 
 000000100111010110000010 
 111111110100111111001001 
 100100011000000001110010


 100110010000110100000110 
 100011100100101010111110 
 000111010010100011011000 
 000001011001001101110101 
 011001010110100001011111 
 000101000111001001010110 
 110011101101011110111100 
 011100110001101110100001 
 100010111010011101111001 
 000001101001000000001111 
 001111001110000000111111 
 101101111001011010011110 
 110011110001000111010111 
 000001011011011101000001 
 101010110000100010011000 
 001001111110010011010101  
 001101011100011010001100 
 101100010001111001110101 
 011010000110000011110100 
 000001111000111110010010 
 001111011010010101000000 
 000000100111010110000010 
 111111110100111111001001 
 100100011000000001110010


 100110010000110100000110 
 100011100100101010111110 
 000111010010100011011000 
 000001011001001101110101 
 011001010110100001011111 
 000101000111001001010110 
 110011101101011110111100 
 011100110001101110100001 
 100010111010011101111001 
 000001101001000000001111 
 001111001110000000111111 
 101101111001011010011110 
 110011110001000111010111 
 000001011011011101000001 
 101010110000100010011000 
 001001111110010011010101  
 001101011100011010001100 
 101100010001111001110101 
 011010000110000011110100 
 000001111000111110010010 
 001111011010010101000000 
 000000100111010110000010 
 111111110100111111001001 
 100100011000000001110010


 100110010000110100000110 
 100011100100101010111110 
 000111010010100011011000 
 000001011001001101110101 
 011001010110100001011111 
 000101000111001001010110 
 110011101101011110111100 
 011100110001101110100001 
 100010111010011101111001 
 000001101001000000001111 
 001111001110000000111111 
 101101111001011010011110 
 110011110001000111010111 
 000001011011011101000001 
 101010110000100010011000 
 001001111110010011010101  
 001101011100011010001100 
 101100010001111001110101 
 011010000110000011110100 
 000001111000111110010010 
 001111011010010101000000 
 000000100111010110000010 
 111111110100111111001001 
 100100011000000001110010


 100110010000110100000110 
 100011100100101010111110 
 000111010010100011011000 
 000001011001001101110101 
 011001010110100001011111 
 000101000111001001010110 
 110011101101011110111100 
 011100110001101110100001 
 100010111010011101111001 
 000001101001000000001111 
 001111001110000000111111 
 101101111001011010011110 
 110011110001000111010111 
 000001011011011101000001 
 101010110000100010011000 
 001001111110010011010101  
 001101011100011010001100 
 101100010001111001110101 
 011010000110000011110100 
 000001111000111110010010 
 001111011010010101000000 
 000000100111010110000010 
 111111110100111111001001 
 100100011000000001110010


 100110010000110100000110 
 100011100100101010111110 
 000111010010100011011000 
 000001011001001101110101 
 011001010110100001011111 
 000101000111001001010110 
 110011101101011110111100 
 011100110001101110100001 
 100010111010011101111001 
 000001101001000000001111 
 001111001110000000111111 
 101101111001011010011110 
 110011110001000111010111 
 000001011011011101000001 
 101010110000100010011000 
 001001111110010011010101  
 001101011100011010001100 
 101100010001111001110101 
 011010000110000011110100 
 000001111000111110010010 
 001111011010010101000000 
 000000100111010110000010 
 111111110100111111001001 
 100100011000000001110010


 100110010000110100000110 
 100011100100101010111110 
 000111010010100011011000 
 000001011001001101110101 
 011001010110100001011111 
 000101000111001001010110 
 110011101101011110111100 
 011100110001101110100001 
 100010111010011101111001 
 000001101001000000001111 
 001111001110000000111111 
 101101111001011010011110 
 110011110001000111010111 
 000001011011011101000001 
 101010110000100010011000 
 001001111110010011010101  
 001101011100011010001100 
 101100010001111001110101 
 011010000110000011110100 
 000001111000111110010010 
 001111011010010101000000 
 000000100111010110000010 
 111111110100111111001001 
 100100011000000001110010


 100110010000110100000110 
 100011100100101010111110 
 000111010010100011011000 
 000001011001001101110101 
 011001010110100001011111 
 000101000111001001010110 
 110011101101011110111100 
 011100110001101110100001 
 100010111010011101111001 
 000001101001000000001111 
 001111001110000000111111 
 101101111001011010011110 
 110011110001000111010111 
 000001011011011101000001 
 101010110000100010011000 
 001001111110010011010101  
 001101011100011010001100 
 101100010001111001110101 
 011010000110000011110100 
 000001111000111110010010 
 001111011010010101000000 
 000000100111010110000010 
 111111110100111111001001 
 100100011000000001110010


 100110010000110100000110 
 100011100100101010111110 
 000111010010100011011000 
 000001011001001101110101 
 011001010110100001011111 
 000101000111001001010110 
 110011101101011110111100 
 011100110001101110100001 
 100010111010011101111001 
 000001101001000000001111 
 001111001110000000111111 
 101101111001011010011110 
 110011110001000111010111 
 000001011011011101000001 
 101010110000100010011000 
 001001111110010011010101  
 001101011100011010001100 
 101100010001111001110101 
 011010000110000011110100 
 000001111000111110010010 
 001111011010010101000000 
 000000100111010110000010 
 111111110100111111001001 
 100100011000000001110010


 100110010000110100000110 
 100011100100101010111110 
 000111010010100011011000 
 000001011001001101110101 
 011001010110100001011111 
 000101000111001001010110 
 110011101101011110111100 
 011100110001101110100001 
 100010111010011101111001 
 000001101001000000001111 
 001111001110000000111111 
 101101111001011010011110 
 110011110001000111010111 
 000001011011011101000001 
 101010110000100010011000 
 001001111110010011010101  
 001101011100011010001100 
 101100010001111001110101 
 011010000110000011110100 
 000001111000111110010010 
 001111011010010101000000 
 000000100111010110000010 
 111111110100111111001001 
 100100011000000001110010


 100110010000110100000110 
 100011100100101010111110 
 000111010010100011011000 
 000001011001001101110101 
 011001010110100001011111 
 000101000111001001010110 
 110011101101011110111100 
 011100110001101110100001 
 100010111010011101111001 
 000001101001000000001111 
 001111001110000000111111 
 101101111001011010011110 
 110011110001000111010111 
 000001011011011101000001 
 101010110000100010011000 
 001001111110010011010101  
 001101011100011010001100 
 101100010001111001110101 
 011010000110000011110100 
 000001111000111110010010 
 001111011010010101000000 
 000000100111010110000010 
 111111110100111111001001 
 100100011000000001110010


 100110010000110100000110 
 100011100100101010111110 
 000111010010100011011000 
 000001011001001101110101 
 011001010110100001011111 
 000101000111001001010110 
 110011101101011110111100 
 011100110001101110100001 
 100010111010011101111001 
 000001101001000000001111 
 001111001110000000111111 
 101101111001011010011110 
 110011110001000111010111 
 000001011011011101000001 
 101010110000100010011000 
 001001111110010011010101  
 001101011100011010001100 
 101100010001111001110101 
 011010000110000011110100 
 000001111000111110010010 
 001111011010010101000000 
 000000100111010110000010 
 111111110100111111001001 
 100100011000000001110010


 100110010000110100000110 
 100011100100101010111110 
 000111010010100011011000 
 000001011001001101110101 
 011001010110100001011111 
 000101000111001001010110 
 110011101101011110111100 
 011100110001101110100001 
 100010111010011101111001 
 000001101001000000001111 
 001111001110000000111111 
 101101111001011010011110 
 110011110001000111010111 
 000001011011011101000001 
 101010110000100010011000 
 001001111110010011010101  
 001101011100011010001100 
 101100010001111001110101 
 011010000110000011110100 
 000001111000111110010010 
 001111011010010101000000 
 000000100111010110000010 
 111111110100111111001001 
 100100011000000001110010


 100110010000110100000110 
 100011100100101010111110 
 000111010010100011011000 
 000001011001001101110101 
 011001010110100001011111 
 000101000111001001010110 
 110011101101011110111100 
 011100110001101110100001 
 100010111010011101111001 
 000001101001000000001111 
 001111001110000000111111 
 101101111001011010011110 
 110011110001000111010111 
 000001011011011101000001 
 101010110000100010011000 
 001001111110010011010101  
 001101011100011010001100 
 101100010001111001110101 
 011010000110000011110100 
 000001111000111110010010 
 001111011010010101000000 
 000000100111010110000010 
 111111110100111111001001 
 100100011000000001110010


 100110010000110100000110 
 100011100100101010111110 
 000111010010100011011000 
 000001011001001101110101 
 011001010110100001011111 
 000101000111001001010110 
 110011101101011110111100 
 011100110001101110100001 
 100010111010011101111001 
 000001101001000000001111 
 001111001110000000111111 
 101101111001011010011110 
 110011110001000111010111 
 000001011011011101000001 
 101010110000100010011000 
 001001111110010011010101  
 001101011100011010001100 
 101100010001111001110101 
 011010000110000011110100 
 000001111000111110010010 
 001111011010010101000000 
 000000100111010110000010 
 111111110100111111001001 
 100100011000000001110010


 100110010000110100000110 
 100011100100101010111110 
 000111010010100011011000 
 000001011001001101110101 
 011001010110100001011111 
 000101000111001001010110 
 110011101101011110111100 
 011100110001101110100001 
 100010111010011101111001 
 000001101001000000001111 
 001111001110000000111111 
 101101111001011010011110 
 110011110001000111010111 
 000001011011011101000001 
 101010110000100010011000 
 001001111110010011010101  
 001101011100011010001100 
 101100010001111001110101 
 011010000110000011110100 
 000001111000111110010010 
 001111011010010101000000 
 000000100111010110000010 
 111111110100111111001001 
 100100011000000001110010


 100110010000110100000110 
 100011100100101010111110 
 000111010010100011011000 
 000001011001001101110101 
 011001010110100001011111 
 000101000111001001010110 
 110011101101011110111100 
 011100110001101110100001 
 100010111010011101111001 
 000001101001000000001111 
 001111001110000000111111 
 101101111001011010011110 
 110011110001000111010111 
 000001011011011101000001 
 101010110000100010011000 
 001001111110010011010101  
 001101011100011010001100 
 101100010001111001110101 
 011010000110000011110100 
 000001111000111110010010 
 001111011010010101000000 
 000000100111010110000010 
 111111110100111111001001 
 100100011000000001110010


 100110010000110100000110 
 100011100100101010111110 
 000111010010100011011000 
 000001011001001101110101 
 011001010110100001011111 
 000101000111001001010110 
 110011101101011110111100 
 011100110001101110100001 
 100010111010011101111001 
 000001101001000000001111 
 001111001110000000111111 
 101101111001011010011110 
 110011110001000111010111 
 000001011011011101000001 
 101010110000100010011000 
 001001111110010011010101  
 001101011100011010001100 
 101100010001111001110101 
 011010000110000011110100 
 000001111000111110010010 
 001111011010010101000000 
 000000100111010110000010 
 111111110100111111001001 
 100100011000000001110010


 100110010000110100000110 
 100011100100101010111110 
 000111010010100011011000 
 000001011001001101110101 
 011001010110100001011111 
 000101000111001001010110 
 110011101101011110111100 
 011100110001101110100001 
 100010111010011101111001 
 000001101001000000001111 
 001111001110000000111111 
 101101111001011010011110 
 110011110001000111010111 
 000001011011011101000001 
 101010110000100010011000 
 001001111110010011010101  
 001101011100011010001100 
 101100010001111001110101 
 011010000110000011110100 
 000001111000111110010010 
 001111011010010101000000 
 000000100111010110000010 
 111111110100111111001001 
 100100011000000001110010


