#-----------------------------------------------------------
# Vivado v2023.1.1 (64-bit)
# SW Build 3900603 on Fri Jun 16 19:31:24 MDT 2023
# IP Build 3900379 on Sat Jun 17 05:28:05 MDT 2023
# SharedData Build 3899622 on Fri Jun 16 03:34:24 MDT 2023
# Start of session at: Wed Nov 15 15:50:55 2023
# Process ID: 21860
# Current directory: C:/Users/mhens11/Desktop/Project/Project/Vivado/Project
# Command line: vivado.exe -gui_launcher_event rodinguilauncherevent19568 C:\Users\mhens11\Desktop\Project\Project\Vivado\Project\Project.xpr
# Log file: C:/Users/mhens11/Desktop/Project/Project/Vivado/Project/vivado.log
# Journal file: C:/Users/mhens11/Desktop/Project/Project/Vivado/Project\vivado.jou
# Running On: CEAT-ENDV350-05, OS: Windows, CPU Frequency: 2496 MHz, CPU Physical cores: 8, Host memory: 68431 MB
#-----------------------------------------------------------
start_gui
open_project C:/Users/mhens11/Desktop/Project/Project/Vivado/Project/Project.xpr
WARNING: [Board 49-26] cannot add Board Part xilinx.com:vek280_es:part0:1.0 available at C:/Xilinx/Vivado/2023.1/data/xhub/boards/XilinxBoardStore/boards/Xilinx/vek280/es/rev_a/1.0/board.xml as part xcve2802-vsvh1760-2lp-e-s-es1 specified in board_part file is either invalid or not available
WARNING: [Board 49-26] cannot add Board Part xilinx.com:vek280_es:part0:1.1 available at C:/Xilinx/Vivado/2023.1/data/xhub/boards/XilinxBoardStore/boards/Xilinx/vek280/es/rev_a/1.1/board.xml as part xcve2802-vsvh1760-2lp-e-s-es1 specified in board_part file is either invalid or not available
WARNING: [Board 49-26] cannot add Board Part xilinx.com:vek280_es_revb:part0:1.0 available at C:/Xilinx/Vivado/2023.1/data/xhub/boards/XilinxBoardStore/boards/Xilinx/vek280/es/rev_b/1.0/board.xml as part xcve2802-vsvh1760-2mp-e-s-es1 specified in board_part file is either invalid or not available
WARNING: [Board 49-26] cannot add Board Part xilinx.com:vek280_es_revb:part0:1.1 available at C:/Xilinx/Vivado/2023.1/data/xhub/boards/XilinxBoardStore/boards/Xilinx/vek280/es/rev_b/1.1/board.xml as part xcve2802-vsvh1760-2mp-e-s-es1 specified in board_part file is either invalid or not available
WARNING: [Board 49-26] cannot add Board Part xilinx.com:vhk158_es:part0:1.0 available at C:/Xilinx/Vivado/2023.1/data/xhub/boards/XilinxBoardStore/boards/Xilinx/vhk158/es/1.0/board.xml as part xcvh1582-vsva3697-2mp-e-s-es1 specified in board_part file is either invalid or not available
WARNING: [Board 49-26] cannot add Board Part xilinx.com:vhk158_es:part0:1.1 available at C:/Xilinx/Vivado/2023.1/data/xhub/boards/XilinxBoardStore/boards/Xilinx/vhk158/es/1.1/board.xml as part xcvh1582-vsva3697-2mp-e-s-es1 specified in board_part file is either invalid or not available
WARNING: [Board 49-26] cannot add Board Part xilinx.com:vpk120_es:part0:1.2 available at C:/Xilinx/Vivado/2023.1/data/xhub/boards/XilinxBoardStore/boards/Xilinx/vpk120/es/1.2/board.xml as part xcvp1202-vsva2785-2mp-e-s-es1 specified in board_part file is either invalid or not available
WARNING: [Board 49-26] cannot add Board Part xilinx.com:vpk120_es:part0:1.3 available at C:/Xilinx/Vivado/2023.1/data/xhub/boards/XilinxBoardStore/boards/Xilinx/vpk120/es/1.3/board.xml as part xcvp1202-vsva2785-2mp-e-s-es1 specified in board_part file is either invalid or not available
WARNING: [Board 49-26] cannot add Board Part xilinx.com:vpk120_es_revb:part0:1.0 available at C:/Xilinx/Vivado/2023.1/data/xhub/boards/XilinxBoardStore/boards/Xilinx/vpk120_revb/es/1.0/board.xml as part xcvp1202-vsva2785-2mp-e-s-es1 specified in board_part file is either invalid or not available
WARNING: [Board 49-26] cannot add Board Part xilinx.com:vpk120_es_revb:part0:1.1 available at C:/Xilinx/Vivado/2023.1/data/xhub/boards/XilinxBoardStore/boards/Xilinx/vpk120_revb/es/1.1/board.xml as part xcvp1202-vsva2785-2mp-e-s-es1 specified in board_part file is either invalid or not available
WARNING: [Board 49-26] cannot add Board Part xilinx.com:vpk180_es:part0:1.0 available at C:/Xilinx/Vivado/2023.1/data/xhub/boards/XilinxBoardStore/boards/Xilinx/vpk180/es/1.0/board.xml as part xcvp1802-lsvc4072-2mp-e-s-es1 specified in board_part file is either invalid or not available
WARNING: [Board 49-26] cannot add Board Part xilinx.com:vpk180_es:part0:1.1 available at C:/Xilinx/Vivado/2023.1/data/xhub/boards/XilinxBoardStore/boards/Xilinx/vpk180/es/1.1/board.xml as part xcvp1802-lsvc4072-2mp-e-s-es1 specified in board_part file is either invalid or not available
WARNING: [Board 49-26] cannot add Board Part xilinx.com:zcu208ld:part0:2.0 available at C:/Xilinx/Vivado/2023.1/data/xhub/boards/XilinxBoardStore/boards/Xilinx/zcu208ld/production/2.0/board.xml as part xczu58dr-fsvg1517-2-i specified in board_part file is either invalid or not available
WARNING: [Board 49-26] cannot add Board Part xilinx.com:zcu216ld:part0:2.0 available at C:/Xilinx/Vivado/2023.1/data/xhub/boards/XilinxBoardStore/boards/Xilinx/zcu216ld/production/2.0/board.xml as part xczu59dr-ffvf1760-2-i specified in board_part file is either invalid or not available
WARNING: [Board 49-26] cannot add Board Part xilinx.com:zcu670:part0:2.0 available at C:/Xilinx/Vivado/2023.1/data/xhub/boards/XilinxBoardStore/boards/Xilinx/zcu670/2.0/board.xml as part xczu67dr-fsve1156-2-i specified in board_part file is either invalid or not available
WARNING: [Board 49-26] cannot add Board Part xilinx.com:zcu670ld:part0:1.0 available at C:/Xilinx/Vivado/2023.1/data/xhub/boards/XilinxBoardStore/boards/Xilinx/zcu670ld/1.0/board.xml as part xczu57dr-fsve1156-2-i specified in board_part file is either invalid or not available
INFO: [Project 1-313] Project file moved from '/home/rerra/Desktop/dldfall2022/Project/Vivado/Project' since last save.
CRITICAL WARNING: [Project 1-311] Could not find the file 'C:/Users/mhens11/Desktop/Project/Project/Vivado/Project/Project.srcs/sources_1/imports/dldfall22proj/SV/all.sv', nor could it be found using path 'C:/home/rerra/Desktop/dldfall2022/Project/Vivado/Project/Project.srcs/sources_1/imports/dldfall22proj/SV/all.sv'.
CRITICAL WARNING: [Project 1-311] Could not find the file 'C:/Users/mhens11/Desktop/Downloads/dldfall2022-main/Lab3/SV/clk_div.sv', nor could it be found using path 'C:/home/rerra/Desktop/Downloads/dldfall2022-main/Lab3/SV/clk_div.sv'.
CRITICAL WARNING: [Project 1-311] Could not find the file 'C:/Users/mhens11/Desktop/Project/Project/Vivado/Project/Project.srcs/sources_1/imports/dldfall22proj/SV/datapath.sv', nor could it be found using path 'C:/home/rerra/Desktop/dldfall2022/Project/Vivado/Project/Project.srcs/sources_1/imports/dldfall22proj/SV/datapath.sv'.
CRITICAL WARNING: [Project 1-311] Could not find the file 'C:/Users/mhens11/Desktop/Project/Project/Vivado/Project/Project.srcs/sources_1/imports/dldfall22proj/SV/fsm.sv', nor could it be found using path 'C:/home/rerra/Desktop/dldfall2022/Project/Vivado/Project/Project.srcs/sources_1/imports/dldfall22proj/SV/fsm.sv'.
CRITICAL WARNING: [Project 1-311] Could not find the file 'C:/Users/mhens11/Desktop/Project/Project/Vivado/Project/Project.srcs/sources_1/imports/dldfall22proj/SV/mux.sv', nor could it be found using path 'C:/home/rerra/Desktop/dldfall2022/Project/Vivado/Project/Project.srcs/sources_1/imports/dldfall22proj/SV/mux.sv'.
CRITICAL WARNING: [Project 1-311] Could not find the file 'C:/Users/mhens11/Desktop/Project/Project/Vivado/Project/Project.srcs/sources_1/imports/dldfall22proj/SV/register.sv', nor could it be found using path 'C:/home/rerra/Desktop/dldfall2022/Project/Vivado/Project/Project.srcs/sources_1/imports/dldfall22proj/SV/register.sv'.
CRITICAL WARNING: [Project 1-311] Could not find the file 'C:/Users/mhens11/Desktop/Project/hdmi_files/hdmi_working/audio_clock_regeneration_packet.sv', nor could it be found using path 'C:/home/rerra/Desktop/dldfall2022/hdmi_files/hdmi_working/audio_clock_regeneration_packet.sv'.
CRITICAL WARNING: [Project 1-311] Could not find the file 'C:/Users/mhens11/Desktop/Project/hdmi_files/hdmi_working/audio_info_frame.sv', nor could it be found using path 'C:/home/rerra/Desktop/dldfall2022/hdmi_files/hdmi_working/audio_info_frame.sv'.
CRITICAL WARNING: [Project 1-311] Could not find the file 'C:/Users/mhens11/Desktop/Project/hdmi_files/hdmi_working/audio_sample_packet.sv', nor could it be found using path 'C:/home/rerra/Desktop/dldfall2022/hdmi_files/hdmi_working/audio_sample_packet.sv'.
CRITICAL WARNING: [Project 1-311] Could not find the file 'C:/Users/mhens11/Desktop/Project/hdmi_files/hdmi_working/auxiliary_video_information_info_frame.sv', nor could it be found using path 'C:/home/rerra/Desktop/dldfall2022/hdmi_files/hdmi_working/auxiliary_video_information_info_frame.sv'.
CRITICAL WARNING: [Project 1-311] Could not find the file 'C:/Users/mhens11/Desktop/Project/hdmi_files/hdmi_working/hdmi.sv', nor could it be found using path 'C:/home/rerra/Desktop/dldfall2022/hdmi_files/hdmi_working/hdmi.sv'.
CRITICAL WARNING: [Project 1-311] Could not find the file 'C:/Users/mhens11/Desktop/Project/hdmi_files/hdmi_working/hdmi_top.sv', nor could it be found using path 'C:/home/rerra/Desktop/dldfall2022/hdmi_files/hdmi_working/hdmi_top.sv'.
CRITICAL WARNING: [Project 1-311] Could not find the file 'C:/Users/mhens11/Desktop/Project/hdmi_files/hdmi_working/packet_assembler.sv', nor could it be found using path 'C:/home/rerra/Desktop/dldfall2022/hdmi_files/hdmi_working/packet_assembler.sv'.
CRITICAL WARNING: [Project 1-311] Could not find the file 'C:/Users/mhens11/Desktop/Project/hdmi_files/hdmi_working/packet_picker.sv', nor could it be found using path 'C:/home/rerra/Desktop/dldfall2022/hdmi_files/hdmi_working/packet_picker.sv'.
CRITICAL WARNING: [Project 1-311] Could not find the file 'C:/Users/mhens11/Desktop/Project/hdmi_files/hdmi_working/pll.sv', nor could it be found using path 'C:/home/rerra/Desktop/dldfall2022/hdmi_files/hdmi_working/pll.sv'.
CRITICAL WARNING: [Project 1-311] Could not find the file 'C:/Users/mhens11/Desktop/Project/hdmi_files/hdmi_working/serializer.sv', nor could it be found using path 'C:/home/rerra/Desktop/dldfall2022/hdmi_files/hdmi_working/serializer.sv'.
CRITICAL WARNING: [Project 1-311] Could not find the file 'C:/Users/mhens11/Desktop/Project/hdmi_files/hdmi_working/source_product_description_info_frame.sv', nor could it be found using path 'C:/home/rerra/Desktop/dldfall2022/hdmi_files/hdmi_working/source_product_description_info_frame.sv'.
CRITICAL WARNING: [Project 1-311] Could not find the file 'C:/Users/mhens11/Desktop/Project/hdmi_files/hdmi_working/tmds_channel.sv', nor could it be found using path 'C:/home/rerra/Desktop/dldfall2022/hdmi_files/hdmi_working/tmds_channel.sv'.
CRITICAL WARNING: [Project 1-311] Could not find the file 'C:/Users/mhens11/Desktop/Project/hdmi_files/hdmi_working/attributemap.sv', nor could it be found using path 'C:/home/rerra/Desktop/dldfall2022/hdmi_files/hdmi_working/attributemap.sv'.
CRITICAL WARNING: [Project 1-311] Could not find the file 'C:/Users/mhens11/Desktop/Project/hdmi_files/hdmi_working/console.sv', nor could it be found using path 'C:/home/rerra/Desktop/dldfall2022/hdmi_files/hdmi_working/console.sv'.
CRITICAL WARNING: [Project 1-311] Could not find the file 'C:/Users/mhens11/Desktop/Project/hdmi_files/hdmi_working/glyphmap.sv', nor could it be found using path 'C:/home/rerra/Desktop/dldfall2022/hdmi_files/hdmi_working/glyphmap.sv'.
CRITICAL WARNING: [Project 1-311] Could not find the file 'C:/Users/mhens11/Downloads/hdmi_working/attributemap.sv', nor could it be found using path 'C:/home/rerra/Downloads/hdmi_working/attributemap.sv'.
CRITICAL WARNING: [Project 1-311] Could not find the file 'C:/Users/mhens11/Downloads/hdmi_working/audio_clock_regeneration_packet.sv', nor could it be found using path 'C:/home/rerra/Downloads/hdmi_working/audio_clock_regeneration_packet.sv'.
CRITICAL WARNING: [Project 1-311] Could not find the file 'C:/Users/mhens11/Downloads/hdmi_working/audio_info_frame.sv', nor could it be found using path 'C:/home/rerra/Downloads/hdmi_working/audio_info_frame.sv'.
CRITICAL WARNING: [Project 1-311] Could not find the file 'C:/Users/mhens11/Downloads/hdmi_working/audio_sample_packet.sv', nor could it be found using path 'C:/home/rerra/Downloads/hdmi_working/audio_sample_packet.sv'.
CRITICAL WARNING: [Project 1-311] Could not find the file 'C:/Users/mhens11/Downloads/hdmi_working/auxiliary_video_information_info_frame.sv', nor could it be found using path 'C:/home/rerra/Downloads/hdmi_working/auxiliary_video_information_info_frame.sv'.
CRITICAL WARNING: [Project 1-311] Could not find the file 'C:/Users/mhens11/Downloads/hdmi_working/console.sv', nor could it be found using path 'C:/home/rerra/Downloads/hdmi_working/console.sv'.
CRITICAL WARNING: [Project 1-311] Could not find the file 'C:/Users/mhens11/Downloads/hdmi_working/glyphmap.sv', nor could it be found using path 'C:/home/rerra/Downloads/hdmi_working/glyphmap.sv'.
CRITICAL WARNING: [Project 1-311] Could not find the file 'C:/Users/mhens11/Downloads/hdmi_working/hdmi.sv', nor could it be found using path 'C:/home/rerra/Downloads/hdmi_working/hdmi.sv'.
CRITICAL WARNING: [Project 1-311] Could not find the file 'C:/Users/mhens11/Downloads/hdmi_working/hdmi_top.sv', nor could it be found using path 'C:/home/rerra/Downloads/hdmi_working/hdmi_top.sv'.
CRITICAL WARNING: [Project 1-311] Could not find the file 'C:/Users/mhens11/Downloads/hdmi_working/packet_assembler.sv', nor could it be found using path 'C:/home/rerra/Downloads/hdmi_working/packet_assembler.sv'.
CRITICAL WARNING: [Project 1-311] Could not find the file 'C:/Users/mhens11/Downloads/hdmi_working/packet_picker.sv', nor could it be found using path 'C:/home/rerra/Downloads/hdmi_working/packet_picker.sv'.
CRITICAL WARNING: [Project 1-311] Could not find the file 'C:/Users/mhens11/Downloads/hdmi_working/pll.sv', nor could it be found using path 'C:/home/rerra/Downloads/hdmi_working/pll.sv'.
CRITICAL WARNING: [Project 1-311] Could not find the file 'C:/Users/mhens11/Downloads/hdmi_working/serializer.sv', nor could it be found using path 'C:/home/rerra/Downloads/hdmi_working/serializer.sv'.
CRITICAL WARNING: [Project 1-311] Could not find the file 'C:/Users/mhens11/Downloads/hdmi_working/source_product_description_info_frame.sv', nor could it be found using path 'C:/home/rerra/Downloads/hdmi_working/source_product_description_info_frame.sv'.
CRITICAL WARNING: [Project 1-311] Could not find the file 'C:/Users/mhens11/Downloads/hdmi_working/tmds_channel.sv', nor could it be found using path 'C:/home/rerra/Downloads/hdmi_working/tmds_channel.sv'.
CRITICAL WARNING: [Project 1-311] Could not find the file 'C:/Users/mhens11/Desktop/Project/Project/Demo/archive_project_summary.txt', nor could it be found using path 'C:/home/rerra/Desktop/dldfall2022/Project/Demo/archive_project_summary.txt'.
Scanning sources...
Finished scanning sources
INFO: [Project 1-1877] Auto incremental dir location 'C:/Users/jstine/vivado/Demo/Demo.srcs/utils_1/imports/synth_1' of run 'synth_1' is not writable, setting it to default location 'C:/Users/mhens11/Desktop/Project/Project/Vivado/Project/Project.srcs/utils_1/imports/synth_1'.
INFO: [Project 1-1877] Auto incremental dir location 'C:/Users/jstine/vivado/Demo/Demo.srcs/utils_1/imports/impl_1' of run 'impl_1' is not writable, setting it to default location 'C:/Users/mhens11/Desktop/Project/Project/Vivado/Project/Project.srcs/utils_1/imports/impl_1'.
INFO: [Project 1-230] Project 'Project.xpr' upgraded for this version of Vivado.
INFO: [IP_Flow 19-234] Refreshing IP repositories
INFO: [IP_Flow 19-1704] No user IP repositories specified
INFO: [IP_Flow 19-2313] Loaded Vivado IP repository 'C:/Xilinx/Vivado/2023.1/data/ip'.
open_project: Time (s): cpu = 00:00:17 ; elapsed = 00:00:08 . Memory (MB): peak = 2562.645 ; gain = 373.582
upgrade_project -migrate_output_products
update_compile_order -fileset sources_1
add_files -norecurse C:/Users/mhens11/Desktop/Project/Project/SV/datapath.sv
update_compile_order -fileset sources_1
WARNING: [filemgmt 56-315] Source scanning failed during design analysis. To get more details run synthesis or simulation and check the log.
WARNING: [filemgmt 56-315] Source scanning failed during design analysis. To get more details run synthesis or simulation and check the log.
WARNING: [filemgmt 56-315] Source scanning failed during design analysis. To get more details run synthesis or simulation and check the log.
WARNING: [filemgmt 56-315] Source scanning failed during design analysis. To get more details run synthesis or simulation and check the log.
exit
INFO: [Common 17-206] Exiting Vivado at Wed Nov 15 17:13:56 2023...
